0 silly argv {
0 silly argv   _: [ 'version' ],
0 silly argv   amend: true,
0 silly argv   lernaVersion: '3.22.1',
0 silly argv   '$0': 'lerna'
0 silly argv }
1 notice cli v3.22.1
2 verbose rootPath /home/arioux/projects/cap/typescript-capunit
3 info versioning independent
4 silly isAnythingCommitted
5 verbose isAnythingCommitted 1
6 silly currentBranch
7 verbose currentBranch master
8 silly hasTags
9 verbose hasTags false
10 info Assuming all packages changed
11 verbose updated apis
12 verbose updated auto-api-tests
13 verbose updated auto-client-api
14 verbose updated client
15 verbose updated common-lib
16 verbose updated discord-bot
17 verbose updated capunit-com-server
18 verbose updated server-common
19 verbose updated util-cli
20 warn version Skipping working tree validation, proceed at your own risk
21 info execute Skipping git push
22 info execute Skipping releases
23 silly lifecycle No script for "preversion" in "root", continuing
24 silly lifecycle No script for "preversion" in "common-lib", continuing
25 silly lifecycle No script for "version" in "common-lib", continuing
26 silly lifecycle No script for "preversion" in "auto-client-api", continuing
27 silly lifecycle No script for "version" in "auto-client-api", continuing
28 silly lifecycle No script for "preversion" in "apis", continuing
29 silly lifecycle No script for "preversion" in "auto-api-tests", continuing
30 silly lifecycle No script for "preversion" in "server-common", continuing
31 silly lifecycle No script for "version" in "apis", continuing
32 silly lifecycle No script for "preversion" in "client", continuing
33 silly lifecycle No script for "version" in "server-common", continuing
34 silly lifecycle No script for "preversion" in "discord-bot", continuing
35 silly lifecycle No script for "preversion" in "util-cli", continuing
36 silly lifecycle No script for "version" in "auto-api-tests", continuing
37 silly lifecycle No script for "version" in "client", continuing
38 silly lifecycle No script for "version" in "discord-bot", continuing
39 silly lifecycle No script for "preversion" in "capunit-com-server", continuing
40 silly lifecycle No script for "version" in "util-cli", continuing
41 silly lifecycle No script for "version" in "capunit-com-server", continuing
42 silly lifecycle No script for "version" in "root", continuing
43 silly gitAdd [
43 silly gitAdd   'packages/common-lib/package.json',
43 silly gitAdd   'packages/auto-client-api/package.json',
43 silly gitAdd   'packages/apis/package.json',
43 silly gitAdd   'packages/server-common/package.json',
43 silly gitAdd   'packages/auto-api-tests/package.json',
43 silly gitAdd   'packages/client/package.json',
43 silly gitAdd   'packages/discord-bot/package.json',
43 silly gitAdd   'packages/util-cli/package.json',
43 silly gitAdd   'packages/server/package.json'
43 silly gitAdd ]
44 silly gitCommit Publish
44 silly gitCommit
44 silly gitCommit  - apis@1.1.0
44 silly gitCommit  - auto-api-tests@1.1.0
44 silly gitCommit  - auto-client-api@1.0.0
44 silly gitCommit  - client@1.0.0
44 silly gitCommit  - common-lib@1.4.0
44 silly gitCommit  - discord-bot@1.1.0
44 silly gitCommit  - capunit-com-server@6.0.0
44 silly gitCommit  - server-common@1.1.0
44 silly gitCommit  - util-cli@1.1.0
45 verbose git [ 'commit', '--amend', '--no-edit' ]
46 error Error: Command failed: git commit --amend --no-edit
46 error lerna notice cli v3.22.1
46 error lerna info versioning independent
46 error lerna info Executing command in 9 packages: "yarn run check"
46 error lerna info run Ran npm script 'check' in 'common-lib' in 6.9s:
46 error yarn run v1.22.4
46 error $ tsc --project tsconfig.build.json --noEmit
46 error Done in 6.79s.
46 error lerna info run Ran npm script 'check' in 'auto-client-api' in 6.2s:
46 error yarn run v1.22.4
46 error $ tsc --project tsconfig.build.json --noEmit
46 error Done in 6.09s.
46 error lerna info run Ran npm script 'check' in 'auto-api-tests' in 8.2s:
46 error yarn run v1.22.4
46 error $ ttsc --project tsconfig.build.json --noEmit
46 error Done in 8.10s.
46 error lerna info run Ran npm script 'check' in 'apis' in 8.3s:
46 error yarn run v1.22.4
46 error $ ttsc --project tsconfig.build.json --noEmit
46 error Done in 8.15s.
46 error lerna info run Ran npm script 'check' in 'client' in 10.7s:
46 error yarn run v1.22.4
46 error $ tsc --noEmit
46 error Done in 10.54s.
46 error lerna info run Ran npm script 'check' in 'server-common' in 21.3s:
46 error yarn run v1.22.4
46 error $ ttsc --project tsconfig.build.json --noEmit
46 error Done in 21.18s.
46 error lerna info run Ran npm script 'check' in 'util-cli' in 11.7s:
46 error yarn run v1.22.4
46 error $ ttsc --project tsconfig.build.json --noEmit
46 error Done in 11.61s.
46 error lerna ERR! yarn run check exited 1 in 'discord-bot'
46 error lerna ERR! yarn run check stdout:
46 error yarn run v1.22.4
46 error $ ttsc --project tsconfig.build.json --noEmit
46 error [96msrc/data/getAccount.ts[0m:[93m32[0m:[93m40[0m - [91merror[0m[90m TS2741: [0mProperty 'displayFlight' is missing in type '{ serverID: string; }' but required in type 'DiscordServerInformation'.
46 error
46 error [7m32[0m       discordServer: { hasValue: true, value: { serverID } }
46 error [7m  [0m [91m                                       ~~~~~[0m
46 error
46 error   [96m../common-lib/dist/typings/types.d.ts[0m:[93m515[0m:[93m5[0m
46 error     [7m515[0m     displayFlight: boolean;
46 error     [7m   [0m [96m    ~~~~~~~~~~~~~[0m
46 error     'displayFlight' is declared here.
46 error
46 error
46 error Found 1 error.
46 error
46 error info Visit https://yarnpkg.com/en/docs/cli/run for documentation about this command.
46 error
46 error lerna ERR! yarn run check stderr:
46 error error Command failed with exit code 1.
46 error
46 error lerna ERR! yarn run check exited 1 in 'discord-bot'
46 error Compile failure
46 error
46 error     at makeError (/home/arioux/projects/cap/typescript-capunit/node_modules/execa/index.js:174:9)
46 error     at /home/arioux/projects/cap/typescript-capunit/node_modules/execa/index.js:278:16
